2024-10-05 14:37:06 - DEBUG - Database connection established
2024-10-05 14:37:07 - INFO - Database connection established
2024-10-05 14:37:08 - DEBUG - User logged in
2024-10-05 14:37:09 - DEBUG - Invalid username
2024-10-05 14:37:10 - INFO - File not found
2024-10-05 14:37:11 - ERROR - File not found
2024-10-05 14:37:12 - CRITICAL - Memory usage high
2024-10-05 14:37:13 - CRITICAL - Memory usage high
2024-10-05 14:37:14 - ERROR - Invalid username
2024-10-05 14:37:15 - DEBUG - Invalid password
2024-10-05 14:37:16 - DEBUG - Invalid password
2024-10-05 14:37:17 - CRITICAL - Database connection established
2024-10-05 14:37:18 - ERROR - Invalid username
2024-10-05 14:37:19 - DEBUG - Database connection established
2024-10-05 14:37:20 - DEBUG - User logged in
2024-10-05 14:37:21 - CRITICAL - Invalid password
2024-10-05 14:37:22 - DEBUG - User logged in
2024-10-05 14:54:19 - INFO - Database connection error
2024-10-05 14:54:20 - INFO - Invalid username
2024-10-05 14:54:21 - ERROR - Database connection error
2024-10-05 14:54:22 - DEBUG - User logged in
2024-10-05 14:54:23 - CRITICAL - Invalid password
2024-10-05 14:54:24 - ERROR - Invalid username
2024-10-05 14:54:25 - DEBUG - Invalid password
2024-10-05 14:54:26 - WARNING - File not found
2024-10-05 14:54:27 - INFO - File not found
2024-10-05 14:54:28 - ERROR - Database connection error
2024-10-05 14:54:29 - CRITICAL - Database connection established
